<?xml version="1.0" encoding="UTF-8"?>
<coverage generated="1707823641074" clover="3.2.0">
  <project timestamp="1707823641074" name="All files">
    <metrics statements="30" coveredstatements="30" conditionals="4" coveredconditionals="4" methods="11" coveredmethods="11" elements="45" coveredelements="45" complexity="0" loc="30" ncloc="30" packages="1" files="3" classes="3"/>
    <file name="book.ts" path="C:\Users\IRMÃOS\Documents\GitHub\projeto-ts\src\book.ts">
      <metrics statements="5" coveredstatements="5" conditionals="0" coveredconditionals="0" methods="1" coveredmethods="1"/>
      <line num="3" count="1" type="stmt"/>
      <line num="5" count="1" type="stmt"/>
      <line num="6" count="1" type="stmt"/>
      <line num="7" count="1" type="stmt"/>
      <line num="8" count="1" type="stmt"/>
    </file>
    <file name="library-manager.ts" path="C:\Users\IRMÃOS\Documents\GitHub\projeto-ts\src\library-manager.ts">
      <metrics statements="23" coveredstatements="23" conditionals="4" coveredconditionals="4" methods="8" coveredmethods="8"/>
      <line num="4" count="1" type="stmt"/>
      <line num="5" count="10" type="stmt"/>
      <line num="7" count="10" type="stmt"/>
      <line num="10" count="6" type="stmt"/>
      <line num="14" count="21" type="stmt"/>
      <line num="15" count="21" type="stmt"/>
      <line num="19" count="3" type="stmt"/>
      <line num="23" count="2" type="cond" truecount="1" falsecount="0"/>
      <line num="24" count="1" type="stmt"/>
      <line num="25" count="1" type="stmt"/>
      <line num="27" count="1" type="stmt"/>
      <line num="30" count="1" type="stmt"/>
      <line num="34" count="2" type="cond" truecount="1" falsecount="0"/>
      <line num="35" count="1" type="stmt"/>
      <line num="36" count="1" type="stmt"/>
      <line num="38" count="1" type="stmt"/>
      <line num="41" count="1" type="stmt"/>
      <line num="45" count="2" type="stmt"/>
      <line num="46" count="4" type="cond" truecount="1" falsecount="0"/>
      <line num="47" count="2" type="cond" truecount="1" falsecount="0"/>
      <line num="49" count="2" type="stmt"/>
      <line num="50" count="2" type="stmt"/>
      <line num="51" count="2" type="stmt"/>
    </file>
    <file name="logger.ts" path="C:\Users\IRMÃOS\Documents\GitHub\projeto-ts\src\logger.ts">
      <metrics statements="2" coveredstatements="2" conditionals="0" coveredconditionals="0" methods="2" coveredmethods="2"/>
      <line num="3" count="1" type="stmt"/>
      <line num="7" count="2" type="stmt"/>
    </file>
  </project>
</coverage>
