{"C:\\Users\\IRMÃOS\\Documents\\GitHub\\projeto-ts\\src\\book.ts": {"path":"C:\\Users\\IRMÃOS\\Documents\\GitHub\\projeto-ts\\src\\book.ts","statementMap":{"0":{"start":{"line":5,"column":11},"end":{"line":5,"column":24}},"1":{"start":{"line":6,"column":11},"end":{"line":6,"column":25}},"2":{"start":{"line":7,"column":11},"end":{"line":7,"column":36}},"3":{"start":{"line":8,"column":11},"end":{"line":8,"column":33}},"4":{"start":{"line":3,"column":0},"end":{"line":3,"column":13}}},"fnMap":{"0":{"name":"(anonymous_0)","decl":{"start":{"line":4,"column":2},"end":{"line":4,"column":null}},"loc":{"start":{"line":8,"column":33},"end":{"line":9,"column":6}}}},"branchMap":{},"s":{"0":1,"1":1,"2":1,"3":1,"4":1},"f":{"0":1},"b":{}}
,"C:\\Users\\IRMÃOS\\Documents\\GitHub\\projeto-ts\\src\\library-manager.ts": {"path":"C:\\Users\\IRMÃOS\\Documents\\GitHub\\projeto-ts\\src\\library-manager.ts","statementMap":{"0":{"start":{"line":7,"column":30},"end":{"line":7,"column":52}},"1":{"start":{"line":5,"column":19},"end":{"line":5,"column":47}},"2":{"start":{"line":10,"column":4},"end":{"line":10,"column":31}},"3":{"start":{"line":14,"column":4},"end":{"line":14,"column":27}},"4":{"start":{"line":15,"column":4},"end":{"line":15,"column":44}},"5":{"start":{"line":19,"column":4},"end":{"line":19,"column":23}},"6":{"start":{"line":23,"column":4},"end":{"line":26,"column":5}},"7":{"start":{"line":24,"column":6},"end":{"line":24,"column":57}},"8":{"start":{"line":25,"column":6},"end":{"line":25,"column":19}},"9":{"start":{"line":27,"column":4},"end":{"line":29,"column":6}},"10":{"start":{"line":30,"column":4},"end":{"line":30,"column":54}},"11":{"start":{"line":34,"column":4},"end":{"line":37,"column":5}},"12":{"start":{"line":35,"column":6},"end":{"line":35,"column":57}},"13":{"start":{"line":36,"column":6},"end":{"line":36,"column":19}},"14":{"start":{"line":38,"column":4},"end":{"line":40,"column":6}},"15":{"start":{"line":41,"column":4},"end":{"line":41,"column":53}},"16":{"start":{"line":45,"column":26},"end":{"line":48,"column":6}},"17":{"start":{"line":46,"column":6},"end":{"line":46,"column":77}},"18":{"start":{"line":46,"column":65},"end":{"line":46,"column":77}},"19":{"start":{"line":47,"column":6},"end":{"line":47,"column":78}},"20":{"start":{"line":47,"column":66},"end":{"line":47,"column":78}},"21":{"start":{"line":49,"column":4},"end":{"line":49,"column":52}},"22":{"start":{"line":50,"column":4},"end":{"line":50,"column":31}},"23":{"start":{"line":51,"column":4},"end":{"line":51,"column":25}},"24":{"start":{"line":4,"column":0},"end":{"line":4,"column":13}}},"fnMap":{"0":{"name":"(anonymous_0)","decl":{"start":{"line":7,"column":2},"end":{"line":7,"column":30}},"loc":{"start":{"line":7,"column":52},"end":{"line":7,"column":56}}},"1":{"name":"(anonymous_1)","decl":{"start":{"line":9,"column":2},"end":{"line":9,"column":14}},"loc":{"start":{"line":9,"column":28},"end":{"line":11,"column":3}}},"2":{"name":"(anonymous_2)","decl":{"start":{"line":13,"column":2},"end":{"line":13,"column":9}},"loc":{"start":{"line":13,"column":28},"end":{"line":16,"column":3}}},"3":{"name":"(anonymous_3)","decl":{"start":{"line":18,"column":2},"end":{"line":18,"column":6}},"loc":{"start":{"line":18,"column":11},"end":{"line":20,"column":3}}},"4":{"name":"(anonymous_4)","decl":{"start":{"line":22,"column":2},"end":{"line":22,"column":10}},"loc":{"start":{"line":22,"column":24},"end":{"line":31,"column":3}}},"5":{"name":"(anonymous_5)","decl":{"start":{"line":33,"column":2},"end":{"line":33,"column":12}},"loc":{"start":{"line":33,"column":26},"end":{"line":42,"column":3}}},"6":{"name":"(anonymous_6)","decl":{"start":{"line":44,"column":2},"end":{"line":44,"column":12}},"loc":{"start":{"line":44,"column":25},"end":{"line":52,"column":3}}},"7":{"name":"(anonymous_7)","decl":{"start":{"line":45,"column":45},"end":{"line":45,"column":46}},"loc":{"start":{"line":45,"column":54},"end":{"line":48,"column":5}}}},"branchMap":{"0":{"loc":{"start":{"line":23,"column":4},"end":{"line":26,"column":5}},"type":"if","locations":[{"start":{"line":23,"column":4},"end":{"line":26,"column":5}}]},"1":{"loc":{"start":{"line":34,"column":4},"end":{"line":37,"column":5}},"type":"if","locations":[{"start":{"line":34,"column":4},"end":{"line":37,"column":5}}]},"2":{"loc":{"start":{"line":46,"column":6},"end":{"line":46,"column":77}},"type":"if","locations":[{"start":{"line":46,"column":6},"end":{"line":46,"column":77}}]},"3":{"loc":{"start":{"line":47,"column":6},"end":{"line":47,"column":78}},"type":"if","locations":[{"start":{"line":47,"column":6},"end":{"line":47,"column":78}}]}},"s":{"0":10,"1":10,"2":6,"3":21,"4":21,"5":3,"6":2,"7":1,"8":1,"9":1,"10":1,"11":2,"12":1,"13":1,"14":1,"15":1,"16":2,"17":4,"18":2,"19":2,"20":2,"21":2,"22":2,"23":2,"24":1},"f":{"0":10,"1":6,"2":21,"3":3,"4":2,"5":2,"6":2,"7":4},"b":{"0":[1],"1":[1],"2":[2],"3":[2]}}
,"C:\\Users\\IRMÃOS\\Documents\\GitHub\\projeto-ts\\src\\logger.ts": {"path":"C:\\Users\\IRMÃOS\\Documents\\GitHub\\projeto-ts\\src\\logger.ts","statementMap":{"0":{"start":{"line":7,"column":4},"end":{"line":7,"column":21}},"1":{"start":{"line":3,"column":0},"end":{"line":3,"column":13}}},"fnMap":{"0":{"name":"(anonymous_0)","decl":{"start":{"line":4,"column":2},"end":{"line":4,"column":17}},"loc":{"start":{"line":4,"column":2},"end":{"line":4,"column":18}}},"1":{"name":"(anonymous_1)","decl":{"start":{"line":6,"column":2},"end":{"line":6,"column":9}},"loc":{"start":{"line":6,"column":21},"end":{"line":8,"column":3}}}},"branchMap":{},"s":{"0":2,"1":1},"f":{"0":2,"1":2},"b":{}}
}
