TN:
SF:src\book.ts
FN:4,(anonymous_0)
FNF:1
FNH:1
FNDA:1,(anonymous_0)
DA:3,1
DA:5,1
DA:6,1
DA:7,1
DA:8,1
LF:5
LH:5
BRF:0
BRH:0
end_of_record
TN:
SF:src\library-manager.ts
FN:7,(anonymous_0)
FN:9,(anonymous_1)
FN:13,(anonymous_2)
FN:18,(anonymous_3)
FN:22,(anonymous_4)
FN:33,(anonymous_5)
FN:44,(anonymous_6)
FN:45,(anonymous_7)
FNF:8
FNH:8
FNDA:10,(anonymous_0)
FNDA:6,(anonymous_1)
FNDA:21,(anonymous_2)
FNDA:3,(anonymous_3)
FNDA:2,(anonymous_4)
FNDA:2,(anonymous_5)
FNDA:2,(anonymous_6)
FNDA:4,(anonymous_7)
DA:4,1
DA:5,10
DA:7,10
DA:10,6
DA:14,21
DA:15,21
DA:19,3
DA:23,2
DA:24,1
DA:25,1
DA:27,1
DA:30,1
DA:34,2
DA:35,1
DA:36,1
DA:38,1
DA:41,1
DA:45,2
DA:46,4
DA:47,2
DA:49,2
DA:50,2
DA:51,2
LF:23
LH:23
BRDA:23,0,0,1
BRDA:34,1,0,1
BRDA:46,2,0,2
BRDA:47,3,0,2
BRF:4
BRH:4
end_of_record
TN:
SF:src\logger.ts
FN:4,(anonymous_0)
FN:6,(anonymous_1)
FNF:2
FNH:2
FNDA:2,(anonymous_0)
FNDA:2,(anonymous_1)
DA:3,1
DA:7,2
LF:2
LH:2
BRF:0
BRH:0
end_of_record
